<?xml version="1.0" encoding="UTF-8"?>
<testsuites name="Mocha Tests" time="5.893" tests="1" failures="0">
  <testsuite name="Root Suite" timestamp="2024-03-26T06:39:35" tests="0" file="cypress\e2e\UI\product-purchase.cy.js" time="0.000" failures="0">
  </testsuite>
  <testsuite name="product purchase" timestamp="2024-03-26T06:39:35" tests="1" time="5.877" failures="0">
    <testcase name="product purchase Search" time="3.107" classname="Search">
    </testcase>
  </testsuite>
</testsuites>