<?xml version="1.0" encoding="UTF-8"?>
<testsuites name="Mocha Tests" time="9.033" tests="4" failures="0">
  <testsuite name="Root Suite" timestamp="2024-04-22T10:15:50" tests="0" file="cypress\Component\api_tests\cart\add-items-to-cart.js" time="0.000" failures="0">
  </testsuite>
  <testsuite name="cart tests -add" timestamp="2024-04-22T10:15:50" tests="4" time="9.021" failures="0">
    <testcase name="cart tests -add create a new cart" time="1.473" classname="create a new cart">
    </testcase>
    <testcase name="cart tests -add Retrieves a product" time="5.077" classname="Retrieves a product">
    </testcase>
    <testcase name="cart tests -add Add item to a cart" time="0.657" classname="Add item to a cart">
    </testcase>
    <testcase name="cart tests -add get cart id" time="0.688" classname="get cart id">
    </testcase>
  </testsuite>
</testsuites>